Build started 3/26/2016 5:25:05 PM.
     1>Project "C:\github\SharpBoostVoronoi\SharpBoostVoronoi\C++Wrapper\BoostVoronoi_4x5x0\BoostVoronoi_4x5x0.vcxproj" on node 2 (Build target(s)).
     1>ClCompile:
         C:\Program Files (x86)\Microsoft Visual Studio 12.0\VC\bin\CL.exe /c /AI"C:\Program Files (x86)\Reference Assemblies\Microsoft\Framework\.NETFramework\v4.5\\" /AI"C:\Program Files (x86)\Windows Kits\8.1\References\CommonConfiguration\Neutral" /AI"C:\Program Files (x86)\Reference Assemblies\Microsoft\Framework\.NETFramework\v4.5\Facades\\" /Zi /clr /nologo /W3 /WX- /Od /Oy- /D WIN32 /D _DEBUG /D _WINDLL /D _UNICODE /D UNICODE /EHa /MDd /GS /fp:precise /Zc:wchar_t /Zc:forScope /Yu"stdafx.h" /Fp"Debug\BoostVoronoi_4x5x0.pch" /Fo"Debug\\" /Fd"Debug\vc120.pdb" /TP /FU"C:\Program Files (x86)\Reference Assemblies\Microsoft\Framework\.NETFramework\v4.5\mscorlib.dll" /FU"C:\Program Files (x86)\Reference Assemblies\Microsoft\Framework\.NETFramework\v4.5\System.Data.dll" /FU"C:\Program Files (x86)\Reference Assemblies\Microsoft\Framework\.NETFramework\v4.5\System.dll" /FU"C:\Program Files (x86)\Reference Assemblies\Microsoft\Framework\.NETFramework\v4.5\System.Xml.dll" /analyze- /errorReport:prompt /clr:nostdlib AssemblyInfo.cpp BoostVoronoi_4x5x0.cpp
         AssemblyInfo.cpp
         BoostVoronoi_4x5x0.cpp
     1>c:\github\sharpboostvoronoi\sharpboostvoronoi\c++wrapper\boostvoronoi_4x5x0\BoostVoronoi_4x5x0.h(48): warning C4244: 'return' : conversion from 'const double' to 'boost::polygon::point_traits<Point>::coordinate_type', possible loss of data
     1>c:\github\sharpboostvoronoi\sharpboostvoronoi\c++wrapper\boostvoronoi_4x5x0\BoostVoronoi_4x5x0.h(165): warning C4244: 'argument' : conversion from '__int64' to 'size_t', possible loss of data
     1>c:\github\sharpboostvoronoi\sharpboostvoronoi\c++wrapper\boostvoronoi_4x5x0\BoostVoronoi_4x5x0.h(229): warning C4244: 'argument' : conversion from '__int64' to 'long', possible loss of data
     1>c:\github\sharpboostvoronoi\sharpboostvoronoi\c++wrapper\boostvoronoi_4x5x0\BoostVoronoi_4x5x0.h(235): warning C4244: 'argument' : conversion from '__int64' to 'const long', possible loss of data
     1>c:\github\sharpboostvoronoi\sharpboostvoronoi\c++wrapper\boostvoronoi_4x5x0\BoostVoronoi_4x5x0.h(238): warning C4244: 'argument' : conversion from '__int64' to 'const long', possible loss of data
     1>c:\github\sharpboostvoronoi\sharpboostvoronoi\c++wrapper\boostvoronoi_4x5x0\BoostVoronoi_4x5x0.h(274): warning C4018: '<' : signed/unsigned mismatch
     1>c:\github\sharpboostvoronoi\sharpboostvoronoi\c++wrapper\boostvoronoi_4x5x0\BoostVoronoi_4x5x0.h(297): warning C4018: '<' : signed/unsigned mismatch
     1>c:\github\sharpboostvoronoi\sharpboostvoronoi\c++wrapper\boostvoronoi_4x5x0\BoostVoronoi_4x5x0.h(299): warning C4244: 'argument' : conversion from '__int64' to 'long', possible loss of data
     1>c:\github\sharpboostvoronoi\sharpboostvoronoi\c++wrapper\boostvoronoi_4x5x0\BoostVoronoi_4x5x0.h(312): warning C4018: '<' : signed/unsigned mismatch
     1>c:\github\sharpboostvoronoi\sharpboostvoronoi\c++wrapper\boostvoronoi_4x5x0\BoostVoronoi_4x5x0.h(316): warning C4018: '<' : signed/unsigned mismatch
         Generating Code...
       Link:
         C:\Program Files (x86)\Microsoft Visual Studio 12.0\VC\bin\link.exe /ERRORREPORT:PROMPT /OUT:"C:\github\SharpBoostVoronoi\SharpBoostVoronoi\C++Wrapper\Debug\BoostVoronoi_4x5x0.dll" /INCREMENTAL /NOLOGO /MANIFEST /MANIFESTUAC:"level='asInvoker' uiAccess='false'" /manifest:embed /DEBUG /PDB:"C:\github\SharpBoostVoronoi\SharpBoostVoronoi\C++Wrapper\Debug\BoostVoronoi_4x5x0.pdb" /ASSEMBLYDEBUG /TLBID:1 /DYNAMICBASE /FIXED:NO /NXCOMPAT /MACHINE:X86 /DLL Debug\app.res
         Debug\AssemblyInfo.obj
         Debug\BoostVoronoi_4x5x0.obj
         Debug\Stdafx.obj
         "Debug\.NETFramework,Version=v4.5.AssemblyAttributes.obj"
         BoostVoronoi_4x5x0.vcxproj -> C:\github\SharpBoostVoronoi\SharpBoostVoronoi\C++Wrapper\Debug\BoostVoronoi_4x5x0.dll
     1>Done Building Project "C:\github\SharpBoostVoronoi\SharpBoostVoronoi\C++Wrapper\BoostVoronoi_4x5x0\BoostVoronoi_4x5x0.vcxproj" (Build target(s)).

Build succeeded.

Time Elapsed 00:00:04.62
