  Stdafx.cpp
  AssemblyInfo.cpp
  BoostVoronoi_4x5x0.cpp
c:\github\sharpboostvoronoi\sharpboostvoronoi\c++wrapper\boostvoronoi_4x5x0\BoostVoronoi_4x5x0.h(48): warning C4244: 'return' : conversion from 'const double' to 'boost::polygon::point_traits<Point>::coordinate_type', possible loss of data
c:\github\sharpboostvoronoi\sharpboostvoronoi\c++wrapper\boostvoronoi_4x5x0\BoostVoronoi_4x5x0.h(328): warning C4267: 'argument' : conversion from 'size_t' to 'long', possible loss of data
c:\github\sharpboostvoronoi\sharpboostvoronoi\c++wrapper\boostvoronoi_4x5x0\BoostVoronoi_4x5x0.h(348): warning C4267: '=' : conversion from 'size_t' to 'long', possible loss of data
c:\github\sharpboostvoronoi\sharpboostvoronoi\c++wrapper\boostvoronoi_4x5x0\BoostVoronoi_4x5x0.h(368): warning C4267: '=' : conversion from 'size_t' to 'long', possible loss of data
c:\github\sharpboostvoronoi\sharpboostvoronoi\c++wrapper\boostvoronoi_4x5x0\BoostVoronoi_4x5x0.h(383): warning C4267: 'argument' : conversion from 'size_t' to 'long', possible loss of data
c:\github\sharpboostvoronoi\sharpboostvoronoi\c++wrapper\boostvoronoi_4x5x0\BoostVoronoi_4x5x0.h(389): warning C4244: 'argument' : conversion from '__int64' to 'const long', possible loss of data
c:\github\sharpboostvoronoi\sharpboostvoronoi\c++wrapper\boostvoronoi_4x5x0\BoostVoronoi_4x5x0.h(423): warning C4244: '=' : conversion from '__int64' to 'long', possible loss of data
c:\github\sharpboostvoronoi\sharpboostvoronoi\c++wrapper\boostvoronoi_4x5x0\BoostVoronoi_4x5x0.h(455): warning C4267: 'argument' : conversion from 'size_t' to 'int', possible loss of data
c:\github\sharpboostvoronoi\sharpboostvoronoi\c++wrapper\boostvoronoi_4x5x0\BoostVoronoi_4x5x0.h(480): warning C4267: 'argument' : conversion from 'size_t' to 'int', possible loss of data
c:\github\sharpboostvoronoi\sharpboostvoronoi\c++wrapper\boostvoronoi_4x5x0\BoostVoronoi_4x5x0.h(485): warning C4267: 'argument' : conversion from 'size_t' to 'long', possible loss of data
c:\github\sharpboostvoronoi\sharpboostvoronoi\c++wrapper\boostvoronoi_4x5x0\BoostVoronoi_4x5x0.h(505): warning C4267: 'argument' : conversion from 'size_t' to 'int', possible loss of data
c:\github\sharpboostvoronoi\sharpboostvoronoi\c++wrapper\boostvoronoi_4x5x0\BoostVoronoi_4x5x0.h(509): warning C4267: 'argument' : conversion from 'size_t' to 'int', possible loss of data
c:\github\sharpboostvoronoi\sharpboostvoronoi\c++wrapper\boostvoronoi_4x5x0\BoostVoronoi_4x5x0.h(575): warning C4244: 'return' : conversion from '__int64' to 'long', possible loss of data
c:\github\sharpboostvoronoi\sharpboostvoronoi\c++wrapper\boostvoronoi_4x5x0\BoostVoronoi_4x5x0.h(579): warning C4244: 'return' : conversion from '__int64' to 'long', possible loss of data
c:\github\sharpboostvoronoi\sharpboostvoronoi\c++wrapper\boostvoronoi_4x5x0\BoostVoronoi_4x5x0.h(583): warning C4244: 'return' : conversion from '__int64' to 'long', possible loss of data
  Generating Code...
  .NETFramework,Version=v4.5.AssemblyAttributes.cpp
  BoostVoronoi_4x5x0.vcxproj -> C:\github\SharpBoostVoronoi\SharpBoostVoronoi\C++Wrapper\x64\Debug\BoostVoronoi_4x5x0.dll
