c:\github\sharpboostvoronoi\sharpboostvoronoi\c++wrapper\boostvoronoi_4x5x0\x64\release\boostvoronoi_4x5x0.pch
c:\github\sharpboostvoronoi\sharpboostvoronoi\c++wrapper\boostvoronoi_4x5x0\x64\release\vc120.pdb
c:\github\sharpboostvoronoi\sharpboostvoronoi\c++wrapper\boostvoronoi_4x5x0\x64\release\stdafx.obj
c:\github\sharpboostvoronoi\sharpboostvoronoi\c++wrapper\boostvoronoi_4x5x0\x64\release\boostvoronoi_4x5x0.obj
c:\github\sharpboostvoronoi\sharpboostvoronoi\c++wrapper\boostvoronoi_4x5x0\x64\release\assemblyinfo.obj
c:\github\sharpboostvoronoi\sharpboostvoronoi\c++wrapper\boostvoronoi_4x5x0\x64\release\.netframework,version=v4.5.assemblyattributes.obj
c:\github\sharpboostvoronoi\sharpboostvoronoi\c++wrapper\x64\release\boostvoronoi_4x5x0.dll
c:\github\sharpboostvoronoi\sharpboostvoronoi\c++wrapper\x64\release\boostvoronoi_4x5x0.pdb
c:\github\sharpboostvoronoi\sharpboostvoronoi\c++wrapper\boostvoronoi_4x5x0\x64\release\app.res
c:\github\sharpboostvoronoi\sharpboostvoronoi\c++wrapper\boostvoronoi_4x5x0\x64\release\boostvoronoi_4x5x0.vcxprojresolveassemblyreference.cache
c:\github\sharpboostvoronoi\sharpboostvoronoi\c++wrapper\boostvoronoi_4x5x0\x64\release\boostvor.8951f0fc.tlog\cl.command.1.tlog
c:\github\sharpboostvoronoi\sharpboostvoronoi\c++wrapper\boostvoronoi_4x5x0\x64\release\boostvor.8951f0fc.tlog\cl.read.1.tlog
c:\github\sharpboostvoronoi\sharpboostvoronoi\c++wrapper\boostvoronoi_4x5x0\x64\release\boostvor.8951f0fc.tlog\cl.write.1.tlog
c:\github\sharpboostvoronoi\sharpboostvoronoi\c++wrapper\boostvoronoi_4x5x0\x64\release\boostvor.8951f0fc.tlog\link.command.1.tlog
c:\github\sharpboostvoronoi\sharpboostvoronoi\c++wrapper\boostvoronoi_4x5x0\x64\release\boostvor.8951f0fc.tlog\link.read.1.tlog
c:\github\sharpboostvoronoi\sharpboostvoronoi\c++wrapper\boostvoronoi_4x5x0\x64\release\boostvor.8951f0fc.tlog\link.write.1.tlog
c:\github\sharpboostvoronoi\sharpboostvoronoi\c++wrapper\boostvoronoi_4x5x0\x64\release\boostvor.8951f0fc.tlog\metagen.read.1.tlog
c:\github\sharpboostvoronoi\sharpboostvoronoi\c++wrapper\boostvoronoi_4x5x0\x64\release\boostvor.8951f0fc.tlog\metagen.write.1.tlog
c:\github\sharpboostvoronoi\sharpboostvoronoi\c++wrapper\boostvoronoi_4x5x0\x64\release\boostvor.8951f0fc.tlog\rc.command.1.tlog
c:\github\sharpboostvoronoi\sharpboostvoronoi\c++wrapper\boostvoronoi_4x5x0\x64\release\boostvor.8951f0fc.tlog\rc.read.1.tlog
c:\github\sharpboostvoronoi\sharpboostvoronoi\c++wrapper\boostvoronoi_4x5x0\x64\release\boostvor.8951f0fc.tlog\rc.write.1.tlog
c:\github\sharpboostvoronoi\sharpboostvoronoi\c++wrapper\boostvoronoi_4x5x0\x64\release\boostvor.8951f0fc.tlog\rsaenh.dll.bi
c:\github\sharpboostvoronoi\sharpboostvoronoi\c++wrapper\boostvoronoi_4x5x0\x64\release\boostvor.8951f0fc.tlog\tzres.dll.bi
