  Stdafx.cpp
  AssemblyInfo.cpp
  BoostVoronoi_4x5x0.cpp
c:\github\sharpboostvoronoi\sharpboostvoronoi\c++wrapper\boostvoronoi_4x5x0\BoostVoronoi_4x5x0.h(48): warning C4244: 'return' : conversion from 'const double' to 'boost::polygon::point_traits<Point>::coordinate_type', possible loss of data
c:\github\sharpboostvoronoi\sharpboostvoronoi\c++wrapper\boostvoronoi_4x5x0\BoostVoronoi_4x5x0.h(343): warning C4267: 'argument' : conversion from 'size_t' to 'long', possible loss of data
c:\github\sharpboostvoronoi\sharpboostvoronoi\c++wrapper\boostvoronoi_4x5x0\BoostVoronoi_4x5x0.h(363): warning C4267: '=' : conversion from 'size_t' to 'long', possible loss of data
c:\github\sharpboostvoronoi\sharpboostvoronoi\c++wrapper\boostvoronoi_4x5x0\BoostVoronoi_4x5x0.h(383): warning C4267: '=' : conversion from 'size_t' to 'long', possible loss of data
c:\github\sharpboostvoronoi\sharpboostvoronoi\c++wrapper\boostvoronoi_4x5x0\BoostVoronoi_4x5x0.h(398): warning C4267: 'argument' : conversion from 'size_t' to 'long', possible loss of data
c:\github\sharpboostvoronoi\sharpboostvoronoi\c++wrapper\boostvoronoi_4x5x0\BoostVoronoi_4x5x0.h(404): warning C4244: 'argument' : conversion from '__int64' to 'const long', possible loss of data
c:\github\sharpboostvoronoi\sharpboostvoronoi\c++wrapper\boostvoronoi_4x5x0\BoostVoronoi_4x5x0.h(438): warning C4244: '=' : conversion from '__int64' to 'long', possible loss of data
c:\github\sharpboostvoronoi\sharpboostvoronoi\c++wrapper\boostvoronoi_4x5x0\BoostVoronoi_4x5x0.h(470): warning C4267: 'argument' : conversion from 'size_t' to 'int', possible loss of data
c:\github\sharpboostvoronoi\sharpboostvoronoi\c++wrapper\boostvoronoi_4x5x0\BoostVoronoi_4x5x0.h(495): warning C4267: 'argument' : conversion from 'size_t' to 'int', possible loss of data
c:\github\sharpboostvoronoi\sharpboostvoronoi\c++wrapper\boostvoronoi_4x5x0\BoostVoronoi_4x5x0.h(500): warning C4267: 'argument' : conversion from 'size_t' to 'long', possible loss of data
c:\github\sharpboostvoronoi\sharpboostvoronoi\c++wrapper\boostvoronoi_4x5x0\BoostVoronoi_4x5x0.h(520): warning C4244: 'initializing' : conversion from '__int64' to 'long', possible loss of data
c:\github\sharpboostvoronoi\sharpboostvoronoi\c++wrapper\boostvoronoi_4x5x0\BoostVoronoi_4x5x0.h(521): warning C4244: 'initializing' : conversion from '__int64' to 'long', possible loss of data
c:\github\sharpboostvoronoi\sharpboostvoronoi\c++wrapper\boostvoronoi_4x5x0\BoostVoronoi_4x5x0.h(629): warning C4267: 'argument' : conversion from 'size_t' to 'long', possible loss of data
c:\github\sharpboostvoronoi\sharpboostvoronoi\c++wrapper\boostvoronoi_4x5x0\BoostVoronoi_4x5x0.h(675): warning C4267: 'argument' : conversion from 'size_t' to 'int', possible loss of data
c:\github\sharpboostvoronoi\sharpboostvoronoi\c++wrapper\boostvoronoi_4x5x0\BoostVoronoi_4x5x0.h(679): warning C4267: 'argument' : conversion from 'size_t' to 'int', possible loss of data
c:\github\sharpboostvoronoi\sharpboostvoronoi\c++wrapper\boostvoronoi_4x5x0\BoostVoronoi_4x5x0.h(745): warning C4244: 'return' : conversion from '__int64' to 'long', possible loss of data
c:\github\sharpboostvoronoi\sharpboostvoronoi\c++wrapper\boostvoronoi_4x5x0\BoostVoronoi_4x5x0.h(749): warning C4244: 'return' : conversion from '__int64' to 'long', possible loss of data
c:\github\sharpboostvoronoi\sharpboostvoronoi\c++wrapper\boostvoronoi_4x5x0\BoostVoronoi_4x5x0.h(753): warning C4244: 'return' : conversion from '__int64' to 'long', possible loss of data
  Generating Code...
c:\github\sharpboostvoronoi\sharpboostvoronoi\c++wrapper\boostvoronoi_4x5x0\boostvoronoi_4x5x0.h(560): warning C4715: 'boost::Voronoi::GetEdge' : not all control paths return a value
c:\github\sharpboostvoronoi\sharpboostvoronoi\c++wrapper\boostvoronoi_4x5x0\boostvoronoi_4x5x0.h(631): warning C4715: 'boost::Voronoi::GetCell' : not all control paths return a value
  .NETFramework,Version=v4.5.AssemblyAttributes.cpp
  BoostVoronoi_4x5x0.vcxproj -> C:\github\SharpBoostVoronoi\SharpBoostVoronoi\C++Wrapper\x64\Release\BoostVoronoi_4x5x0.dll
